<?xml version="1.0" encoding="UTF-8"?>
<!-- Generated by org.testng.reporters.JUnitXMLReporter -->
<testsuite hostname="LAPTOP-JHCO5B84" ignored="4" name="Test_chrome" tests="3" failures="1" timestamp="2020-03-26T18:52:29 IST" time="34.982" errors="0">
  <testcase name="verifyVersion" time="4.066" classname="regressionTestScripts.VerifyActitimeVersion"/>
  <testcase name="invalidLogin" time="5.477" classname="regressionTestScripts.InvalidLogin">
    <failure type="java.lang.AssertionError" message="null">
      <![CDATA[java.lang.AssertionError: null
at generic.Base_Page.verifyTitle(Base_Page.java:33)
at regressionTestScripts.InvalidLogin.invalidLogin(InvalidLogin.java:39)
at java.util.ArrayList.forEach(ArrayList.java:1234)
... Removed 30 stack frames]]>
    </failure>
  </testcase> <!-- invalidLogin -->
  <testcase name="validloginlogout" time="1.225" classname="regressionTestScripts.ValidLoginLogout"/>
  <testcase name="@BeforeSuite setUp" time="0.0" classname="generic.Generic_Test">
    <ignored/>
  </testcase> <!-- @BeforeSuite setUp -->
  <testcase name="@BeforeSuite setUp" time="0.0" classname="generic.Generic_Test">
    <ignored/>
  </testcase> <!-- @BeforeSuite setUp -->
  <testcase name="@AfterSuite tearDown" time="0.0" classname="generic.Generic_Test">
    <ignored/>
  </testcase> <!-- @AfterSuite tearDown -->
  <testcase name="@AfterSuite tearDown" time="0.0" classname="generic.Generic_Test">
    <ignored/>
  </testcase> <!-- @AfterSuite tearDown -->
</testsuite> <!-- Test_chrome -->
